Determining if the pthread_create exist failed with the following output:
Change Dir: /home/frank/AMyLab/catkin_ws/build/CMakeFiles/CMakeTmp

Run Build Command:/usr/bin/make "cmTryCompileExec4010111035/fast"
/usr/bin/make -f CMakeFiles/cmTryCompileExec4010111035.dir/build.make CMakeFiles/cmTryCompileExec4010111035.dir/build
make[1]: Entering directory `/home/frank/AMyLab/catkin_ws/build/CMakeFiles/CMakeTmp'
/usr/bin/cmake -E cmake_progress_report /home/frank/AMyLab/catkin_ws/build/CMakeFiles/CMakeTmp/CMakeFiles 1
Building C object CMakeFiles/cmTryCompileExec4010111035.dir/CheckSymbolExists.c.o
/usr/bin/cc    -o CMakeFiles/cmTryCompileExec4010111035.dir/CheckSymbolExists.c.o   -c /home/frank/AMyLab/catkin_ws/build/CMakeFiles/CMakeTmp/CheckSymbolExists.c
Linking C executable cmTryCompileExec4010111035
/usr/bin/cmake -E cmake_link_script CMakeFiles/cmTryCompileExec4010111035.dir/link.txt --verbose=1
/usr/bin/cc       CMakeFiles/cmTryCompileExec4010111035.dir/CheckSymbolExists.c.o  -o cmTryCompileExec4010111035 -rdynamic 
CMakeFiles/cmTryCompileExec4010111035.dir/CheckSymbolExists.c.o: In function `main':
CheckSymbolExists.c:(.text+0x16): undefined reference to `pthread_create'
collect2: error: ld returned 1 exit status
make[1]: Leaving directory `/home/frank/AMyLab/catkin_ws/build/CMakeFiles/CMakeTmp'
make[1]: *** [cmTryCompileExec4010111035] Error 1
make: *** [cmTryCompileExec4010111035/fast] Error 2

File /home/frank/AMyLab/catkin_ws/build/CMakeFiles/CMakeTmp/CheckSymbolExists.c:
/* */
#include <pthread.h>

int main(int argc, char** argv)
{
  (void)argv;
#ifndef pthread_create
  return ((int*)(&pthread_create))[argc];
#else
  (void)argc;
  return 0;
#endif
}

Determining if the function pthread_create exists in the pthreads failed with the following output:
Change Dir: /home/frank/AMyLab/catkin_ws/build/CMakeFiles/CMakeTmp

Run Build Command:/usr/bin/make "cmTryCompileExec153094742/fast"
/usr/bin/make -f CMakeFiles/cmTryCompileExec153094742.dir/build.make CMakeFiles/cmTryCompileExec153094742.dir/build
make[1]: Entering directory `/home/frank/AMyLab/catkin_ws/build/CMakeFiles/CMakeTmp'
/usr/bin/cmake -E cmake_progress_report /home/frank/AMyLab/catkin_ws/build/CMakeFiles/CMakeTmp/CMakeFiles 1
Building C object CMakeFiles/cmTryCompileExec153094742.dir/CheckFunctionExists.c.o
/usr/bin/cc   -DCHECK_FUNCTION_EXISTS=pthread_create   -o CMakeFiles/cmTryCompileExec153094742.dir/CheckFunctionExists.c.o   -c /usr/share/cmake-2.8/Modules/CheckFunctionExists.c
Linking C executable cmTryCompileExec153094742
/usr/bin/cmake -E cmake_link_script CMakeFiles/cmTryCompileExec153094742.dir/link.txt --verbose=1
/usr/bin/cc   -DCHECK_FUNCTION_EXISTS=pthread_create    CMakeFiles/cmTryCompileExec153094742.dir/CheckFunctionExists.c.o  -o cmTryCompileExec153094742 -rdynamic -lpthreads 
/usr/bin/ld: cannot find -lpthreads
collect2: error: ld returned 1 exit status
make[1]: Leaving directory `/home/frank/AMyLab/catkin_ws/build/CMakeFiles/CMakeTmp'
make[1]: *** [cmTryCompileExec153094742] Error 1
make: *** [cmTryCompileExec153094742/fast] Error 2


